<?xml version="1.0" encoding="UTF-8"?>
<!-- Generated by org.testng.reporters.JUnitReportReporter -->
<testsuite hostname="DESKTOP-AALL9QS" name="launch.Browser" tests="1" failures="0" timestamp="15 Jul 2020 05:54:56 GMT" time="6.778" errors="0">
  <testcase name="launch_browser" time="6.778" classname="launch.Browser"/>
</testsuite> <!-- launch.Browser -->
